<?xml version="1.0" encoding="UTF-8" ?>
<testsuite tests="1" failures="0" name="collateral.tests.BaseTest" time="67.799" errors="0" skipped="0">
  <properties>
    <property name="JOB_NAME" value="Run C360 Automation Tests/collateral3601:loginpage"/>
    <property name="java.vendor" value="Oracle Corporation"/>
    <property name="sun.java.launcher" value="SUN_STANDARD"/>
    <property name="NUMBER_OF_PROCESSORS" value="4"/>
    <property name="sun.management.compiler" value="HotSpot 64-Bit Tiered Compilers"/>
    <property name="JENKINS_HOME" value="C:\Users\AjayP\.jenkins"/>
    <property name="HUDSON_SERVER_COOKIE" value="904e7408c35598d0"/>
    <property name="os.name" value="Windows 10"/>
    <property name="EXECUTOR_NUMBER" value="0"/>
    <property name="sun.desktop" value="windows"/>
    <property name="PATHEXT" value=".COM;.EXE;.BAT;.CMD;.VBS;.VBE;.JS;.JSE;.WSF;.WSH;.MSC"/>
    <property name="java.vm.specification.vendor" value="Oracle Corporation"/>
    <property name="TEMP" value="C:\Users\AjayP\AppData\Local\Temp"/>
    <property name="NODE_LABELS" value="master"/>
    <property name="java.runtime.version" value="12+33"/>
    <property name="user.name" value="AjayP"/>
    <property name="guice.disable.misplaced.annotation.check" value="true"/>
    <property name="CommonProgramW6432" value="C:\Program Files\Common Files"/>
    <property name="ProgramFiles" value="C:\Program Files"/>
    <property name="PROMPT" value="$P$G"/>
    <property name="user.language" value="en"/>
    <property name="JOB_BASE_NAME" value="collateral3601:loginpage"/>
    <property name="RUN_CHANGES_DISPLAY_URL" value="http://localhost:8080/job/Run%20C360%20Automation%20Tests/collateral3601$loginpage/2/display/redirect?page=changes"/>
    <property name="BUILD_DISPLAY_NAME" value="#2"/>
    <property name="OneDrive" value="C:\Users\AjayP\OneDrive"/>
    <property name="sun.boot.library.path" value="C:\Program Files\Java\jdk-12\bin"/>
    <property name="java.vm.compressedOopsMode" value="32-bit"/>
    <property name="LOCALAPPDATA" value="C:\Users\AjayP\AppData\Local"/>
    <property name="java.version" value="12"/>
    <property name="user.timezone" value="Asia/Calcutta"/>
    <property name="PROCESSOR_LEVEL" value="6"/>
    <property name="USERNAME" value="AjayP"/>
    <property name="sun.arch.data.model" value="64"/>
    <property name="NODE_NAME" value="master"/>
    <property name="BUILD_ID" value="2"/>
    <property name="sun.cpu.isalist" value="amd64"/>
    <property name="sun.jnu.encoding" value="Cp1252"/>
    <property name="maven.conf" value="C:\Users\AjayP\Downloads\apache-maven-3.5.4-bin\apache-maven-3.5.4\conf"/>
    <property name="file.separator" value="\"/>
    <property name="java.specification.name" value="Java Platform API Specification"/>
    <property name="HOMEDRIVE" value="C:"/>
    <property name="java.class.version" value="56.0"/>
    <property name="SCITE_USERHOME" value="C:\Users\AjayP\AppData\Local\AutoIt v3\SciTE"/>
    <property name="org.slf4j.simpleLogger.defaultLogLevel" value="info"/>
    <property name="user.country" value="US"/>
    <property name="ALLUSERSPROFILE" value="C:\ProgramData"/>
    <property name="java.home" value="C:\Program Files\Java\jdk-12"/>
    <property name="JAVA HOME" value="C:\Program Files\Java\jdk-12"/>
    <property name="java.vm.info" value="mixed mode, sharing"/>
    <property name="os.version" value="10.0"/>
    <property name="RUN_DISPLAY_URL" value="http://localhost:8080/job/Run%20C360%20Automation%20Tests/collateral3601$loginpage/2/display/redirect"/>
    <property name="TMP" value="C:\Users\AjayP\AppData\Local\Temp"/>
    <property name="path.separator" value=";"/>
    <property name="java.vm.version" value="12+33"/>
    <property name="user.variant" value=""/>
    <property name="CommonProgramFiles(x86)" value="C:\Program Files (x86)\Common Files"/>
    <property name="JOB_DISPLAY_URL" value="http://localhost:8080/job/Run%20C360%20Automation%20Tests/collateral3601$loginpage/display/redirect"/>
    <property name="USERDOMAIN_ROAMINGPROFILE" value="DESKTOP-DJ7VF4K"/>
    <property name="CommonProgramFiles" value="C:\Program Files\Common Files"/>
    <property name="sun.io.unicode.encoding" value="UnicodeLittle"/>
    <property name="JAVA_HOME" value="C:\Program Files\Java\jdk-12"/>
    <property name="ComSpec" value="C:\WINDOWS\system32\cmd.exe"/>
    <property name="HOMEPATH" value="\Users\AjayP"/>
    <property name="awt.toolkit" value="sun.awt.windows.WToolkit"/>
    <property name="COMPUTERNAME" value="DESKTOP-DJ7VF4K"/>
    <property name="user.script" value=""/>
    <property name="asl.log" value="Destination=file"/>
    <property name="user.home" value="C:\Users\AjayP"/>
    <property name="PUBLIC" value="C:\Users\Public"/>
    <property name="BUILD_TAG" value="jenkins-Run C360 Automation Tests-collateral3601:loginpage-2"/>
    <property name="JENKINS_SERVER_COOKIE" value="904e7408c35598d0"/>
    <property name="HUDSON_URL" value="http://localhost:8080/"/>
    <property name="ProgramData" value="C:\ProgramData"/>
    <property name="java.version.date" value="2019-03-19"/>
    <property name="java.specification.vendor" value="Oracle Corporation"/>
    <property name="USERPROFILE" value="C:\Users\AjayP"/>
    <property name="CLASSPATH" value=""/>
    <property name="java.library.path" value="C:\Program Files\Java\jdk-12\bin;C:\WINDOWS\Sun\Java\bin;C:\WINDOWS\system32;C:\WINDOWS;C:\Users\AjayP\Downloads\apache-maven-3.5.4-bin\apache-maven-3.5.4/bin;C:\Program Files\Java\jdk-12/bin;C:\Program Files\Java\jdk-12/bin;C:\Program Files (x86)\Common Files\Oracle\Java\javapath;C:\Program Files\Java\jdk-12\bin;C:\WINDOWS\system32;C:\WINDOWS;C:\WINDOWS\System32\Wbem;C:\WINDOWS\System32\WindowsPowerShell\v1.0\;C:\WINDOWS\System32\OpenSSH\;C:\Users\AjayP\Downloads\apache-maven-3.5.4-bin\apache-maven-3.5.4\bin;C:\Program Files (x86)\Google\Chrome\Application;C:\Users\AjayP\AppData\Local\Microsoft\WindowsApps;;."/>
    <property name="java.vendor.url" value="https://java.oracle.com/"/>
    <property name="hudson.build.number" value="2"/>
    <property name="java.vm.vendor" value="Oracle Corporation"/>
    <property name="APPDATA" value="C:\Users\AjayP\AppData\Roaming"/>
    <property name="java.runtime.name" value="Java(TM) SE Runtime Environment"/>
    <property name="maven.home" value="C:\Users\AjayP\Downloads\apache-maven-3.5.4-bin\apache-maven-3.5.4"/>
    <property name="java.class.path" value="C:\Users\AjayP\.jenkins\plugins\maven-plugin\WEB-INF\lib\maven35-agent-1.13.jar;C:\Users\AjayP\Downloads\apache-maven-3.5.4-bin\apache-maven-3.5.4\boot\plexus-classworlds-2.5.2.jar;C:\Users\AjayP\Downloads\apache-maven-3.5.4-bin\apache-maven-3.5.4/conf/logging"/>
    <property name="sun.java.command" value="jenkins.maven3.agent.Maven35Main C:\Users\AjayP\Downloads\apache-maven-3.5.4-bin\apache-maven-3.5.4 C:\Users\AjayP\.jenkins\war\WEB-INF\lib\remoting-3.29.jar C:\Users\AjayP\.jenkins\plugins\maven-plugin\WEB-INF\lib\maven35-interceptor-1.13.jar C:\Users\AjayP\.jenkins\plugins\maven-plugin\WEB-INF\lib\maven3-interceptor-commons-1.13.jar 51783"/>
    <property name="Path" value="C:\Program Files\Java\jdk-12/bin;C:\Program Files (x86)\Common Files\Oracle\Java\javapath;C:\Program Files\Java\jdk-12\bin;C:\WINDOWS\system32;C:\WINDOWS;C:\WINDOWS\System32\Wbem;C:\WINDOWS\System32\WindowsPowerShell\v1.0\;C:\WINDOWS\System32\OpenSSH\;C:\Users\AjayP\Downloads\apache-maven-3.5.4-bin\apache-maven-3.5.4\bin;C:\Program Files (x86)\Google\Chrome\Application;C:\Users\AjayP\AppData\Local\Microsoft\WindowsApps;"/>
    <property name="jdk.debug" value="release"/>
    <property name="PROCESSOR_ARCHITECTURE" value="AMD64"/>
    <property name="java.vm.specification.name" value="Java Virtual Machine Specification"/>
    <property name="PATH+JDK" value="C:\Program Files\Java\jdk-12/bin"/>
    <property name="SESSIONNAME" value="Console"/>
    <property name="PROCESSOR_IDENTIFIER" value="Intel64 Family 6 Model 61 Stepping 4, GenuineIntel"/>
    <property name="java.vm.specification.version" value="12"/>
    <property name="M2_HOME" value="C:\Users\AjayP\Downloads\apache-maven-3.5.4-bin\apache-maven-3.5.4"/>
    <property name="sun.cpu.endian" value="little"/>
    <property name="sun.os.patch.level" value=""/>
    <property name="OS" value="Windows_NT"/>
    <property name="java.io.tmpdir" value="C:\Users\AjayP\AppData\Local\Temp\"/>
    <property name="HUDSON_HOME" value="C:\Users\AjayP\.jenkins"/>
    <property name="PATH+MAVEN" value="C:\Users\AjayP\Downloads\apache-maven-3.5.4-bin\apache-maven-3.5.4/bin"/>
    <property name="ProgramFiles(x86)" value="C:\Program Files (x86)"/>
    <property name="java.vendor.url.bug" value="https://bugreport.java.com/bugreport/"/>
    <property name="BUILD_URL" value="http://localhost:8080/job/Run%20C360%20Automation%20Tests/collateral3601$loginpage/2/"/>
    <property name="SystemRoot" value="C:\WINDOWS"/>
    <property name="os.arch" value="amd64"/>
    <property name="java.awt.graphicsenv" value="sun.awt.Win32GraphicsEnvironment"/>
    <property name="user.dir" value="C:\Users\AjayP\Desktop\Java Programs\Jenkins"/>
    <property name="JOB_URL" value="http://localhost:8080/job/Run%20C360%20Automation%20Tests/collateral3601$loginpage/"/>
    <property name="LOGONSERVER" value="\\DESKTOP-DJ7VF4K"/>
    <property name="USERDOMAIN" value="DESKTOP-DJ7VF4K"/>
    <property name="MAVEN_HOME" value="C:\Users\AjayP\Downloads\apache-maven-3.5.4-bin\apache-maven-3.5.4"/>
    <property name="line.separator" value="
"/>
    <property name="java.vm.name" value="Java HotSpot(TM) 64-Bit Server VM"/>
    <property name="BUILD_NUMBER" value="2"/>
    <property name="PROCESSOR_REVISION" value="3d04"/>
    <property name="JENKINS_URL" value="http://localhost:8080/"/>
    <property name="ProgramW6432" value="C:\Program Files"/>
    <property name="windir" value="C:\WINDOWS"/>
    <property name="=C:" value="C:\Users\AjayP\Desktop\Java Programs\Jenkins"/>
    <property name="file.encoding" value="Cp1252"/>
    <property name="SystemDrive" value="C:"/>
    <property name="maven3.interceptor" value="C:\Users\AjayP\.jenkins\plugins\maven-plugin\WEB-INF\lib\maven35-interceptor-1.13.jar"/>
    <property name="WORKSPACE" value="C:\Users\AjayP\Desktop\Java Programs\Collateral360"/>
    <property name="maven3.interceptor.common" value="C:\Users\AjayP\.jenkins\plugins\maven-plugin\WEB-INF\lib\maven3-interceptor-commons-1.13.jar"/>
    <property name="PSModulePath" value="C:\WINDOWS\system32\WindowsPowerShell\v1.0\Modules\;C:\Program Files (x86)\AutoIt3\AutoItX"/>
    <property name="java.specification.version" value="12"/>
    <property name="DriverData" value="C:\Windows\System32\Drivers\DriverData"/>
  </properties>
  <testcase classname="collateral.tests.BaseTest" name="Login" time="67.799"/>
</testsuite>