<?xml version="1.0" encoding="UTF-8"?>
<!-- Generated by org.testng.reporters.JUnitReportReporter -->
<testsuite skipped="0" hostname="LAPTOP-U7FIIQOJ" name="collateral.tests.BaseTest" tests="1" failures="0" timestamp="22 Jun 2019 07:37:24 GMT" time="46.475" errors="0">
  <testcase name="Login" time="46.475" classname="collateral.tests.BaseTest"/>
</testsuite> <!-- collateral.tests.BaseTest -->
