<?xml version="1.0" encoding="UTF-8"?>
<!-- Generated by org.testng.reporters.JUnitReportReporter -->
<testsuite skipped="0" hostname="DESKTOP-DJ7VF4K" name="collateral.tests.SrfTest" tests="1" failures="0" timestamp="01 Jul 2019 11:46:59 GMT" time="47.276" errors="0">
  <testcase name="closeButtonTest" time="47.276" classname="collateral.tests.SrfTest"/>
</testsuite> <!-- collateral.tests.SrfTest -->
