<?xml version="1.0" encoding="UTF-8"?>
<!-- Generated by org.testng.reporters.JUnitReportReporter -->
<testsuite skipped="0" hostname="LAPTOP-U7FIIQOJ" name="collateral.tests.BaseTest" tests="1" failures="0" timestamp="23 Jun 2019 17:05:07 GMT" time="48.622" errors="0">
  <testcase name="Login" time="48.622" classname="collateral.tests.BaseTest"/>
</testsuite> <!-- collateral.tests.BaseTest -->
