<?xml version="1.0" encoding="UTF-8"?>
<!-- Generated by org.testng.reporters.JUnitReportReporter -->
<testsuite hostname="DESKTOP-DJ7VF4K" failures="0" tests="1" name="collateral.tests.BaseTest" time="67.795" errors="0" timestamp="15 Jun 2019 21:49:20 GMT" skipped="0">
  <testcase classname="collateral.tests.BaseTest" name="Login" time="67.795"/>
</testsuite> <!-- collateral.tests.BaseTest -->
